This is pdfTeX, Version 3.14159265-2.6-1.40.16 (TeX Live 2015) (preloaded format=pdflatex 2015.5.24)  1 NOV 2016 22:09
entering extended mode
 restricted \write18 enabled.
 %&-line parsing enabled.
**/Users/sarahcostrell/Desktop/Fall2016/PHYS19a/Lab5/lab5.tex
(/Users/sarahcostrell/Desktop/Fall2016/PHYS19a/Lab5/lab5.tex
LaTeX2e <2015/01/01>
Babel <3.9l> and hyphenation patterns for 79 languages loaded.
(/usr/local/texlive/2015/texmf-dist/tex/latex/base/article.cls
Document Class: article 2014/09/29 v1.4h Standard LaTeX document class
(/usr/local/texlive/2015/texmf-dist/tex/latex/base/size11.clo
File: size11.clo 2014/09/29 v1.4h Standard LaTeX file (size option)
)
\c@part=\count79
\c@section=\count80
\c@subsection=\count81
\c@subsubsection=\count82
\c@paragraph=\count83
\c@subparagraph=\count84
\c@figure=\count85
\c@table=\count86
\abovecaptionskip=\skip41
\belowcaptionskip=\skip42
\bibindent=\dimen102
)
(/usr/local/texlive/2015/texmf-dist/tex/latex/floatrow/floatrow.sty
Package: floatrow 2008/08/02 v0.3b floatrow: float package extension

(/usr/local/texlive/2015/texmf-dist/tex/latex/graphics/keyval.sty
Package: keyval 2014/10/28 v1.15 key=value parser (DPC)
\KV@toks@=\toks14
)
(/usr/local/texlive/2015/texmf-dist/tex/latex/caption/caption3.sty
Package: caption3 2013/05/02 v1.6-88 caption3 kernel (AR)
Package caption3 Info: TeX engine: e-TeX on input line 57.
\captionmargin=\dimen103
\captionmargin@=\dimen104
\captionwidth=\dimen105
\caption@tempdima=\dimen106
\caption@indent=\dimen107
\caption@parindent=\dimen108
\caption@hangindent=\dimen109
)
\c@float@type=\count87
\float@exts=\toks15
\float@box=\box26
\@floatcapt=\box27
Package floatrow Info: Modified float package code loaded on input line 455.
Package floatrow Info: Modified rotfloat package code loaded on input line 473.

\FR@everyfloat=\toks16
\flrow@foot=\insert233
\FB@wd=\dimen110
\FBo@wd=\dimen111
\FBc@wd=\dimen112
\FBo@ht=\skip43
\FBc@ht=\skip44
\FBf@ht=\skip45
\FBo@max=\skip46
\FBc@max=\skip47
\FBf@max=\skip48
\c@FBl@b=\count88
\floatbox@depth=\count89
\c@FRobj=\count90
\c@FRsobj=\count91
\Xhsize=\skip49
\sXhsize=\skip50
\Zhsize=\skip51
\sZhsize=\skip52
\flrow@rowbox=\box28
\FR@Zunitlength=\dimen113
\c@FBcnt=\count92
\FPOScnt=\count93
\LTleft=\skip53
\LTright=\skip54
\LTleft=\skip55
\LTright=\skip56
\flrow@types=\toks17
)
(/usr/local/texlive/2015/texmf-dist/tex/latex/url/url.sty
\Urlmuskip=\muskip10
Package: url 2013/09/16  ver 3.4  Verb mode for urls, etc.
)
(/usr/local/texlive/2015/texmf-dist/tex/latex/multirow/multirow.sty
\bigstrutjot=\dimen114
)
(/usr/local/texlive/2015/texmf-dist/tex/latex/tools/tabularx.sty
Package: tabularx 2014/10/28 v2.10 `tabularx' package (DPC)

(/usr/local/texlive/2015/texmf-dist/tex/latex/tools/array.sty
Package: array 2014/10/28 v2.4c Tabular extension package (FMi)
\col@sep=\dimen115
\extrarowheight=\dimen116
\NC@list=\toks18
\extratabsurround=\skip57
\backup@length=\skip58
)
\TX@col@width=\dimen117
\TX@old@table=\dimen118
\TX@old@col=\dimen119
\TX@target=\dimen120
\TX@delta=\dimen121
\TX@cols=\count94
\TX@ftn=\toks19
)
(/usr/local/texlive/2015/texmf-dist/tex/latex/graphics/graphicx.sty
Package: graphicx 2014/10/28 v1.0g Enhanced LaTeX Graphics (DPC,SPQR)

(/usr/local/texlive/2015/texmf-dist/tex/latex/graphics/graphics.sty
Package: graphics 2014/10/28 v1.0p Standard LaTeX Graphics (DPC,SPQR)

(/usr/local/texlive/2015/texmf-dist/tex/latex/graphics/trig.sty
Package: trig 1999/03/16 v1.09 sin cos tan (DPC)
)
(/usr/local/texlive/2015/texmf-dist/tex/latex/latexconfig/graphics.cfg
File: graphics.cfg 2010/04/23 v1.9 graphics configuration of TeX Live
)
Package graphics Info: Driver file: pdftex.def on input line 94.

(/usr/local/texlive/2015/texmf-dist/tex/latex/pdftex-def/pdftex.def
File: pdftex.def 2011/05/27 v0.06d Graphics/color for pdfTeX

(/usr/local/texlive/2015/texmf-dist/tex/generic/oberdiek/infwarerr.sty
Package: infwarerr 2010/04/08 v1.3 Providing info/warning/error messages (HO)
)
(/usr/local/texlive/2015/texmf-dist/tex/generic/oberdiek/ltxcmds.sty
Package: ltxcmds 2011/11/09 v1.22 LaTeX kernel commands for general use (HO)
)
\Gread@gobject=\count95
))
\Gin@req@height=\dimen122
\Gin@req@width=\dimen123
)
(/usr/local/texlive/2015/texmf-dist/tex/latex/amsfonts/amssymb.sty
Package: amssymb 2013/01/14 v3.01 AMS font symbols

(/usr/local/texlive/2015/texmf-dist/tex/latex/amsfonts/amsfonts.sty
Package: amsfonts 2013/01/14 v3.01 Basic AMSFonts support
\@emptytoks=\toks20
\symAMSa=\mathgroup4
\symAMSb=\mathgroup5
LaTeX Font Info:    Overwriting math alphabet `\mathfrak' in version `bold'
(Font)                  U/euf/m/n --> U/euf/b/n on input line 106.
))
(/usr/local/texlive/2015/texmf-dist/tex/latex/was/gensymb.sty
Package: gensymb 2003/07/02 v1.0 (WaS)
)
(/usr/local/texlive/2015/texmf-dist/tex/latex/amsmath/amsmath.sty
Package: amsmath 2013/01/14 v2.14 AMS math features
\@mathmargin=\skip59

For additional information on amsmath, use the `?' option.
(/usr/local/texlive/2015/texmf-dist/tex/latex/amsmath/amstext.sty
Package: amstext 2000/06/29 v2.01

(/usr/local/texlive/2015/texmf-dist/tex/latex/amsmath/amsgen.sty
File: amsgen.sty 1999/11/30 v2.0
\@emptytoks=\toks21
\ex@=\dimen124
))
(/usr/local/texlive/2015/texmf-dist/tex/latex/amsmath/amsbsy.sty
Package: amsbsy 1999/11/29 v1.2d
\pmbraise@=\dimen125
)
(/usr/local/texlive/2015/texmf-dist/tex/latex/amsmath/amsopn.sty
Package: amsopn 1999/12/14 v2.01 operator names
)
\inf@bad=\count96
LaTeX Info: Redefining \frac on input line 210.
\uproot@=\count97
\leftroot@=\count98
LaTeX Info: Redefining \overline on input line 306.
\classnum@=\count99
\DOTSCASE@=\count100
LaTeX Info: Redefining \ldots on input line 378.
LaTeX Info: Redefining \dots on input line 381.
LaTeX Info: Redefining \cdots on input line 466.
\Mathstrutbox@=\box29
\strutbox@=\box30
\big@size=\dimen126
LaTeX Font Info:    Redeclaring font encoding OML on input line 566.
LaTeX Font Info:    Redeclaring font encoding OMS on input line 567.
\macc@depth=\count101
\c@MaxMatrixCols=\count102
\dotsspace@=\muskip11
\c@parentequation=\count103
\dspbrk@lvl=\count104
\tag@help=\toks22
\row@=\count105
\column@=\count106
\maxfields@=\count107
\andhelp@=\toks23
\eqnshift@=\dimen127
\alignsep@=\dimen128
\tagshift@=\dimen129
\tagwidth@=\dimen130
\totwidth@=\dimen131
\lineht@=\dimen132
\@envbody=\toks24
\multlinegap=\skip60
\multlinetaggap=\skip61
\mathdisplay@stack=\toks25
LaTeX Info: Redefining \[ on input line 2665.
LaTeX Info: Redefining \] on input line 2666.
)
(/usr/local/texlive/2015/texmf-dist/tex/latex/mathtools/mathtools.sty
Package: mathtools 2015/05/11 v1.16 mathematical typesetting tools

(/usr/local/texlive/2015/texmf-dist/tex/latex/tools/calc.sty
Package: calc 2014/10/28 v4.3 Infix arithmetic (KKT,FJ)
\calc@Acount=\count108
\calc@Bcount=\count109
\calc@Adimen=\dimen133
\calc@Bdimen=\dimen134
\calc@Askip=\skip62
\calc@Bskip=\skip63
LaTeX Info: Redefining \setlength on input line 80.
LaTeX Info: Redefining \addtolength on input line 81.
\calc@Ccount=\count110
\calc@Cskip=\skip64
)
(/usr/local/texlive/2015/texmf-dist/tex/latex/mathtools/mhsetup.sty
Package: mhsetup 2010/01/21 v1.2a programming setup (MH)
)
LaTeX Info: Thecontrolsequence`\('isalreadyrobust on input line 129.
LaTeX Info: Thecontrolsequence`\)'isalreadyrobust on input line 129.
LaTeX Info: Thecontrolsequence`\['isalreadyrobust on input line 129.
LaTeX Info: Thecontrolsequence`\]'isalreadyrobust on input line 129.
\g_MT_multlinerow_int=\count111
\l_MT_multwidth_dim=\dimen135
\origjot=\skip65
\l_MT_shortvdotswithinadjustabove_dim=\dimen136
\l_MT_shortvdotswithinadjustbelow_dim=\dimen137
\l_MT_above_intertext_sep=\dimen138
\l_MT_below_intertext_sep=\dimen139
\l_MT_above_shortintertext_sep=\dimen140
\l_MT_below_shortintertext_sep=\dimen141
)
(/usr/local/texlive/2015/texmf-dist/tex/latex/tools/longtable.sty
Package: longtable 2014/10/28 v4.11 Multi-page Table package (DPC)
\LTleft=\skip66
\LTright=\skip67
\LTpre=\skip68
\LTpost=\skip69
\LTchunksize=\count112
\LTcapwidth=\dimen142
\LT@head=\box31
\LT@firsthead=\box32
\LT@foot=\box33
\LT@lastfoot=\box34
\LT@cols=\count113
\LT@rows=\count114
\c@LT@tables=\count115
\c@LT@chunks=\count116
\LT@p@ftn=\toks26
) (./lab5.aux)
\openout1 = `lab5.aux'.

LaTeX Font Info:    Checking defaults for OML/cmm/m/it on input line 24.
LaTeX Font Info:    ... okay on input line 24.
LaTeX Font Info:    Checking defaults for T1/cmr/m/n on input line 24.
LaTeX Font Info:    ... okay on input line 24.
LaTeX Font Info:    Checking defaults for OT1/cmr/m/n on input line 24.
LaTeX Font Info:    ... okay on input line 24.
LaTeX Font Info:    Checking defaults for OMS/cmsy/m/n on input line 24.
LaTeX Font Info:    ... okay on input line 24.
LaTeX Font Info:    Checking defaults for OMX/cmex/m/n on input line 24.
LaTeX Font Info:    ... okay on input line 24.
LaTeX Font Info:    Checking defaults for U/cmr/m/n on input line 24.
LaTeX Font Info:    ... okay on input line 24.
Package caption Info: Begin \AtBeginDocument code.
Package caption Info: End \AtBeginDocument code.
(/usr/local/texlive/2015/texmf-dist/tex/latex/graphics/color.sty
Package: color 2014/10/28 v1.1a Standard LaTeX Color (DPC)

(/usr/local/texlive/2015/texmf-dist/tex/latex/latexconfig/color.cfg
File: color.cfg 2007/01/18 v1.5 color configuration of teTeX/TeXLive
)
Package color Info: Driver file: pdftex.def on input line 142.
)
(/usr/local/texlive/2015/texmf-dist/tex/latex/floatrow/fr-longtable.sty
Package: fr-longtable 2007/11/28 v0.1b (beta) floatrow: additions for longtable

\flrow@LT@lasthead=\box35
\flrow@LT@prelastfoot=\box36
\c@FBLTpage=\count117
)
(/usr/local/texlive/2015/texmf-dist/tex/context/base/supp-pdf.mkii
[Loading MPS to PDF converter (version 2006.09.02).]
\scratchcounter=\count118
\scratchdimen=\dimen143
\scratchbox=\box37
\nofMPsegments=\count119
\nofMParguments=\count120
\everyMPshowfont=\toks27
\MPscratchCnt=\count121
\MPscratchDim=\dimen144
\MPnumerator=\count122
\makeMPintoPDFobject=\count123
\everyMPtoPDFconversion=\toks28
) (/usr/local/texlive/2015/texmf-dist/tex/generic/oberdiek/pdftexcmds.sty
Package: pdftexcmds 2011/11/29 v0.20 Utility functions of pdfTeX for LuaTeX (HO
)

(/usr/local/texlive/2015/texmf-dist/tex/generic/oberdiek/ifluatex.sty
Package: ifluatex 2010/03/01 v1.3 Provides the ifluatex switch (HO)
Package ifluatex Info: LuaTeX not detected.
)
(/usr/local/texlive/2015/texmf-dist/tex/generic/oberdiek/ifpdf.sty
Package: ifpdf 2011/01/30 v2.3 Provides the ifpdf switch (HO)
Package ifpdf Info: pdfTeX in PDF mode is detected.
)
Package pdftexcmds Info: LuaTeX not detected.
Package pdftexcmds Info: \pdf@primitive is available.
Package pdftexcmds Info: \pdf@ifprimitive is available.
Package pdftexcmds Info: \pdfdraftmode found.
)
(/usr/local/texlive/2015/texmf-dist/tex/latex/oberdiek/epstopdf-base.sty
Package: epstopdf-base 2010/02/09 v2.5 Base part for package epstopdf

(/usr/local/texlive/2015/texmf-dist/tex/latex/oberdiek/grfext.sty
Package: grfext 2010/08/19 v1.1 Manage graphics extensions (HO)

(/usr/local/texlive/2015/texmf-dist/tex/generic/oberdiek/kvdefinekeys.sty
Package: kvdefinekeys 2011/04/07 v1.3 Define keys (HO)
))
(/usr/local/texlive/2015/texmf-dist/tex/latex/oberdiek/kvoptions.sty
Package: kvoptions 2011/06/30 v3.11 Key value format for package options (HO)

(/usr/local/texlive/2015/texmf-dist/tex/generic/oberdiek/kvsetkeys.sty
Package: kvsetkeys 2012/04/25 v1.16 Key value parser (HO)

(/usr/local/texlive/2015/texmf-dist/tex/generic/oberdiek/etexcmds.sty
Package: etexcmds 2011/02/16 v1.5 Avoid name clashes with e-TeX commands (HO)
Package etexcmds Info: Could not find \expanded.
(etexcmds)             That can mean that you are not using pdfTeX 1.50 or
(etexcmds)             that some package has redefined \expanded.
(etexcmds)             In the latter case, load this package earlier.
)))
Package grfext Info: Graphics extension search list:
(grfext)             [.png,.pdf,.jpg,.mps,.jpeg,.jbig2,.jb2,.PNG,.PDF,.JPG,.JPE
G,.JBIG2,.JB2,.eps]
(grfext)             \AppendGraphicsExtensions on input line 452.

(/usr/local/texlive/2015/texmf-dist/tex/latex/latexconfig/epstopdf-sys.cfg
File: epstopdf-sys.cfg 2010/07/13 v1.3 Configuration of (r)epstopdf for TeX Liv
e
))
LaTeX Info: Redefining \celsius on input line 24.
Package gensymb Info: Faking symbols for \degree and \celsius on input line 24.



Package gensymb Warning: Not defining \perthousand.

LaTeX Info: Redefining \ohm on input line 24.
Package gensymb Info: Using \Omega for \ohm on input line 24.

Package gensymb Warning: Not defining \micro.

LaTeX Font Info:    Try loading font information for U+msa on input line 37.
(/usr/local/texlive/2015/texmf-dist/tex/latex/amsfonts/umsa.fd
File: umsa.fd 2013/01/14 v3.01 AMS symbols A
)
LaTeX Font Info:    Try loading font information for U+msb on input line 37.

(/usr/local/texlive/2015/texmf-dist/tex/latex/amsfonts/umsb.fd
File: umsb.fd 2013/01/14 v3.01 AMS symbols B
)
<pucks.JPG, id=1, 3276.24pt x 2457.18pt>
File: pucks.JPG Graphic file (type jpg)
 <use pucks.JPG>
Package pdftex.def Info: pucks.JPG used on input line 57.
(pdftex.def)             Requested size: 196.56592pt x 147.42444pt.
File: pucks.JPG Graphic file (type jpg)
 <use pucks.JPG>
Package pdftex.def Info: pucks.JPG used on input line 57.
(pdftex.def)             Requested size: 196.56592pt x 147.42444pt.

<camera.JPG, id=2, 2457.18pt x 3276.24pt>
File: camera.JPG Graphic file (type jpg)
 <use camera.JPG>
Package pdftex.def Info: camera.JPG used on input line 58.
(pdftex.def)             Requested size: 147.42444pt x 196.56592pt.
File: camera.JPG Graphic file (type jpg)
 <use camera.JPG>
Package pdftex.def Info: camera.JPG used on input line 58.
(pdftex.def)             Requested size: 147.42444pt x 196.56592pt.

[1

{/usr/local/texlive/2015/texmf-var/fonts/map/pdftex/updmap/pdftex.map}]
Underfull \hbox (badness 10000) in paragraph at lines 63--64

 []


Underfull \hbox (badness 10000) in paragraph at lines 65--66

 []


Underfull \hbox (badness 10000) in paragraph at lines 68--69

 []


Underfull \hbox (badness 10000) in paragraph at lines 77--78

 []

[2 <./pucks.JPG> <./camera.JPG>]

LaTeX Warning: No positions in optional float specifier.
               Default added (so using `tbp') on input line 95.

[3] <x_A.png, id=25, 441.8106pt x 298.716pt>
File: x_A.png Graphic file (type png)
 <use x_A.png>
Package pdftex.def Info: x_A.png used on input line 126.
(pdftex.def)             Requested size: 220.90475pt x 149.35762pt.

Overfull \hbox (9.09476pt too wide) in paragraph at lines 126--126
 [][] 
 []


Underfull \hbox (badness 1796) in paragraph at lines 126--126
[]\OT1/cmr/m/n/10.95 Figure 3: x-direction data points from
 []

File: x_A.png Graphic file (type png)
<use x_A.png>
Package pdftex.def Info: x_A.png used on input line 126.
(pdftex.def)             Requested size: 220.90475pt x 149.35762pt.

Overfull \hbox (9.09476pt too wide) in paragraph at lines 126--126
 [][] 
 []


Underfull \hbox (badness 1796) in paragraph at lines 126--126
[]\OT1/cmr/m/n/10.95 Figure 3: x-direction data points from
 []

<x_B.png, id=27, 406.6392pt x 273.6624pt>
File: x_B.png Graphic file (type png)
 <use x_B.png>
Package pdftex.def Info: x_B.png used on input line 127.
(pdftex.def)             Requested size: 219.5819pt x 147.77548pt.

Overfull \hbox (7.7719pt too wide) in paragraph at lines 127--127
 [][] 
 []


Underfull \hbox (badness 1796) in paragraph at lines 127--127
[]\OT1/cmr/m/n/10.95 Figure 4: x-direction data points from
 []

File: x_B.png Graphic file (type png)
<use x_B.png>
Package pdftex.def Info: x_B.png used on input line 127.
(pdftex.def)             Requested size: 219.5819pt x 147.77548pt.

Overfull \hbox (7.7719pt too wide) in paragraph at lines 127--127
 [][] 
 []


Underfull \hbox (badness 1796) in paragraph at lines 127--127
[]\OT1/cmr/m/n/10.95 Figure 4: x-direction data points from
 []

<y_A.png, id=28, 462.0462pt x 291.0072pt>
File: y_A.png Graphic file (type png)
 <use y_A.png>
Package pdftex.def Info: y_A.png used on input line 134.
(pdftex.def)             Requested size: 221.77965pt x 139.68185pt.

Overfull \hbox (9.96965pt too wide) in paragraph at lines 134--134
 [][] 
 []


Underfull \hbox (badness 1796) in paragraph at lines 134--134
[]\OT1/cmr/m/n/10.95 Figure 5: y-direction data points from
 []

File: y_A.png Graphic file (type png)
<use y_A.png>
Package pdftex.def Info: y_A.png used on input line 134.
(pdftex.def)             Requested size: 221.77965pt x 139.68185pt.

Overfull \hbox (9.96965pt too wide) in paragraph at lines 134--134
 [][] 
 []


Underfull \hbox (badness 1796) in paragraph at lines 134--134
[]\OT1/cmr/m/n/10.95 Figure 5: y-direction data points from
 []

<y_B.png, id=29, 412.4208pt x 276.0714pt>
File: y_B.png Graphic file (type png)
 <use y_B.png>
Package pdftex.def Info: y_B.png used on input line 135.
(pdftex.def)             Requested size: 210.33182pt x 140.79454pt.

Underfull \hbox (badness 1796) in paragraph at lines 135--135
[]\OT1/cmr/m/n/10.95 Figure 6: y-direction data points from
 []

File: y_B.png Graphic file (type png)
<use y_B.png>
Package pdftex.def Info: y_B.png used on input line 135.
(pdftex.def)             Requested size: 210.33182pt x 140.79454pt.

Underfull \hbox (badness 1796) in paragraph at lines 135--135
[]\OT1/cmr/m/n/10.95 Figure 6: y-direction data points from
 []


LaTeX Warning: No positions in optional float specifier.
               Default added (so using `tbp') on input line 142.

[4 <./x_A.png> <./x_B.png> <./y_A.png> <./y_B.png>]
Underfull \hbox (badness 10000) in paragraph at lines 170--171

 []

<x_A2.png, id=37, 368.577pt x 216.3282pt>
File: x_A2.png Graphic file (type png)
 <use x_A2.png>
Package pdftex.def Info: x_A2.png used on input line 184.
(pdftex.def)             Requested size: 213.7748pt x 125.47043pt.

Overfull \hbox (1.9648pt too wide) in paragraph at lines 184--184
 [][] 
 []


Underfull \hbox (badness 1796) in paragraph at lines 184--184
[]\OT1/cmr/m/n/10.95 Figure 7: x-direction data points from
 []

File: x_A2.png Graphic file (type png)
<use x_A2.png>
Package pdftex.def Info: x_A2.png used on input line 184.
(pdftex.def)             Requested size: 213.7748pt x 125.47043pt.

Overfull \hbox (1.9648pt too wide) in paragraph at lines 184--184
 [][] 
 []


Underfull \hbox (badness 1796) in paragraph at lines 184--184
[]\OT1/cmr/m/n/10.95 Figure 7: x-direction data points from
 []

<x_B2.png, id=38, 362.7954pt x 218.7372pt>
File: x_B2.png Graphic file (type png)
 <use x_B2.png>
Package pdftex.def Info: x_B2.png used on input line 185.
(pdftex.def)             Requested size: 206.79552pt x 124.68149pt.

Underfull \hbox (badness 1796) in paragraph at lines 185--185
[]\OT1/cmr/m/n/10.95 Figure 8: x-direction data points from
 []

File: x_B2.png Graphic file (type png)
<use x_B2.png>
Package pdftex.def Info: x_B2.png used on input line 185.
(pdftex.def)             Requested size: 206.79552pt x 124.68149pt.

Underfull \hbox (badness 1796) in paragraph at lines 185--185
[]\OT1/cmr/m/n/10.95 Figure 8: x-direction data points from
 []


LaTeX Warning: `!h' float specifier changed to `!ht'.

<theta.png, id=39, 652.4375pt x 386.44376pt>
File: theta.png Graphic file (type png)
 <use theta.png>
Package pdftex.def Info: theta.png used on input line 192.
(pdftex.def)             Requested size: 346.89731pt x 205.47464pt.


LaTeX Warning: `h' float specifier changed to `ht'.

[5]

LaTeX Warning: No positions in optional float specifier.
               Default added (so using `tbp') on input line 219.

[6 <./x_A2.png> <./x_B2.png>] [7 <./theta.png>]
Overfull \hbox (3.16322pt too wide) in paragraph at lines 257--258
[]\OT1/cmr/m/n/10.95 Error prop-a-ga-tion for $\OML/cmm/m/it/10.95 K[]$ \OT1/cm
r/m/n/10.95 gives $\OML/cmm/m/it/10.95 ^^[[] \OT1/cmr/m/n/10.95 = [][]$, with $
\OML/cmm/m/it/10.95 ^^[[] \OT1/cmr/m/n/10.95 = []$,
 []


Overfull \hbox (30.96225pt too wide) in paragraph at lines 257--258
\OT1/cmr/m/n/10.95 for $\OML/cmm/m/it/10.95 K[] \OT1/cmr/m/n/10.95 = [](\OML/cm
m/m/it/10.95 m[]v[] \OT1/cmr/m/n/10.95 + \OML/cmm/m/it/10.95 I[]![]\OT1/cmr/m/n
/10.95 )$ and anal-o-gously for $\OML/cmm/m/it/10.95 K[]$\OT1/cmr/m/n/10.95 , a
nd so $\OML/cmm/m/it/10.95 ^^[[] \OT1/cmr/m/n/10.95 = []$
 []


Overfull \hbox (32.87732pt too wide) in paragraph at lines 257--258
\OT1/cmr/m/n/10.95 and $\OML/cmm/m/it/10.95 ^^[[] \OT1/cmr/m/n/10.95 = []$. Er-
ror prop-a-ga-tion for $\OML/cmm/m/it/10.95 K[]$ \OT1/cmr/m/n/10.95 gives $\OML
/cmm/m/it/10.95 ^^[[] \OT1/cmr/m/n/10.95 = [][]$,
 []


Underfull \hbox (badness 10000) in paragraph at lines 282--283

 []


Underfull \hbox (badness 10000) in paragraph at lines 290--291

 []

[8]
Overfull \hbox (75.9839pt too wide) in paragraph at lines 296--296
[] 
 []

<exp1.png, id=57, 230.8625pt x 380.42125pt>
File: exp1.png Graphic file (type png)
 <use exp1.png>
Package pdftex.def Info: exp1.png used on input line 305.
(pdftex.def)             Requested size: 173.44534pt x 285.80862pt.

<exp2.png, id=58, 657.45625pt x 272.01625pt>
File: exp2.png Graphic file (type png)
 <use exp2.png>
Package pdftex.def Info: exp2.png used on input line 311.
(pdftex.def)             Requested size: 346.89731pt x 143.52872pt.


LaTeX Warning: `h' float specifier changed to `ht'.

[9 <./exp1.png>] [10 <./exp2.png>] (./lab5.aux) ) 
Here is how much of TeX's memory you used:
 4485 strings out of 493089
 65628 string characters out of 6134842
 138461 words of memory out of 5000000
 7886 multiletter control sequences out of 15000+600000
 11045 words of font info for 42 fonts, out of 8000000 for 9000
 1141 hyphenation exceptions out of 8191
 38i,12n,38p,1116b,418s stack positions out of 5000i,500n,10000p,200000b,80000s
</usr/local/texlive/2015/texmf
-dist/fonts/type1/public/amsfonts/cm/cmbx10.pfb></usr/local/texlive/2015/texmf-
dist/fonts/type1/public/amsfonts/cm/cmbx12.pfb></usr/local/texlive/2015/texmf-d
ist/fonts/type1/public/amsfonts/cm/cmex10.pfb></usr/local/texlive/2015/texmf-di
st/fonts/type1/public/amsfonts/cm/cmmi10.pfb></usr/local/texlive/2015/texmf-dis
t/fonts/type1/public/amsfonts/cm/cmmi6.pfb></usr/local/texlive/2015/texmf-dist/
fonts/type1/public/amsfonts/cm/cmmi8.pfb></usr/local/texlive/2015/texmf-dist/fo
nts/type1/public/amsfonts/cm/cmr10.pfb></usr/local/texlive/2015/texmf-dist/font
s/type1/public/amsfonts/cm/cmr12.pfb></usr/local/texlive/2015/texmf-dist/fonts/
type1/public/amsfonts/cm/cmr17.pfb></usr/local/texlive/2015/texmf-dist/fonts/ty
pe1/public/amsfonts/cm/cmr8.pfb></usr/local/texlive/2015/texmf-dist/fonts/type1
/public/amsfonts/cm/cmsy10.pfb></usr/local/texlive/2015/texmf-dist/fonts/type1/
public/amsfonts/cm/cmsy8.pfb>
Output written on lab5.pdf (10 pages, 4280786 bytes).
PDF statistics:
 106 PDF objects out of 1000 (max. 8388607)
 61 compressed objects within 1 object stream
 0 named destinations out of 1000 (max. 500000)
 56 words of extra memory for PDF output out of 10000 (max. 10000000)

